-------------------------------------------------------------------------------
Test set: com.mohit.microservices.currencyexchangeservice.CurrencyExchangeServiceApplicationTests
-------------------------------------------------------------------------------
Tests run: 1, Failures: 0, Errors: 1, Skipped: 0, Time elapsed: 0.37 s <<< FAILURE! - in com.mohit.microservices.currencyexchangeservice.CurrencyExchangeServiceApplicationTests
com.mohit.microservices.currencyexchangeservice.CurrencyExchangeServiceApplicationTests  Time elapsed: 0.369 s  <<< ERROR!
java.lang.IllegalStateException: Found multiple @SpringBootConfiguration annotated classes [Generic bean: class [com.mohit.microservices.currencyexchangeservice.CurrencyExchangeController]; scope=; abstract=false; lazyInit=null; autowireMode=0; dependencyCheck=0; autowireCandidate=true; primary=false; factoryBeanName=null; factoryMethodName=null; initMethodName=null; destroyMethodName=null; defined in file [D:\Vicsuper\kunji\learning\currency-exchange-service\target\classes\com\mohit\microservices\currencyexchangeservice\CurrencyExchangeController.class], Generic bean: class [com.mohit.microservices.currencyexchangeservice.CurrencyExchangeServiceApplication]; scope=; abstract=false; lazyInit=null; autowireMode=0; dependencyCheck=0; autowireCandidate=true; primary=false; factoryBeanName=null; factoryMethodName=null; initMethodName=null; destroyMethodName=null; defined in file [D:\Vicsuper\kunji\learning\currency-exchange-service\target\classes\com\mohit\microservices\currencyexchangeservice\CurrencyExchangeServiceApplication.class]]

