<?xml version="1.0" encoding="UTF-8"?>
<testsuite xmlns:xsi="http://www.w3.org/2001/XMLSchema-instance" xsi:noNamespaceSchemaLocation="https://maven.apache.org/surefire/maven-surefire-plugin/xsd/surefire-test-report.xsd" name="com.mohit.microservices.currencyexchangeservice.CurrencyExchangeServiceApplicationTests" time="0.37" tests="1" errors="1" skipped="0" failures="0">
  <properties>
[...]
</properties>
  <testcase name="com.mohit.microservices.currencyexchangeservice.CurrencyExchangeServiceApplicationTests" classname="com.mohit.microservices.currencyexchangeservice.CurrencyExchangeServiceApplicationTests" time="0.369">
    <error message="Found multiple @SpringBootConfiguration annotated classes [Generic bean: class [com.mohit.microservices.currencyexchangeservice.CurrencyExchangeController]; scope=; abstract=false; lazyInit=null; autowireMode=0; dependencyCheck=0; autowireCandidate=true; primary=false; factoryBeanName=null; factoryMethodName=null; initMethodName=null; destroyMethodName=null; defined in file [D:\Vicsuper\kunji\learning\currency-exchange-service\target\classes\com\mohit\microservices\currencyexchangeservice\CurrencyExchangeController.class], Generic bean: class [com.mohit.microservices.currencyexchangeservice.CurrencyExchangeServiceApplication]; scope=; abstract=false; lazyInit=null; autowireMode=0; dependencyCheck=0; autowireCandidate=true; primary=false; factoryBeanName=null; factoryMethodName=null; initMethodName=null; destroyMethodName=null; defined in file [D:\Vicsuper\kunji\learning\currency-exchange-service\target\classes\com\mohit\microservices\currencyexchangeservice\CurrencyExchangeServiceApplication.class]]" type="java.lang.IllegalStateException">java.lang.IllegalStateException: Found multiple @SpringBootConfiguration annotated classes [Generic bean: class [com.mohit.microservices.currencyexchangeservice.CurrencyExchangeController]; scope=; abstract=false; lazyInit=null; autowireMode=0; dependencyCheck=0; autowireCandidate=true; primary=false; factoryBeanName=null; factoryMethodName=null; initMethodName=null; destroyMethodName=null; defined in file [D:\Vicsuper\kunji\learning\currency-exchange-service\target\classes\com\mohit\microservices\currencyexchangeservice\CurrencyExchangeController.class], Generic bean: class [com.mohit.microservices.currencyexchangeservice.CurrencyExchangeServiceApplication]; scope=; abstract=false; lazyInit=null; autowireMode=0; dependencyCheck=0; autowireCandidate=true; primary=false; factoryBeanName=null; factoryMethodName=null; initMethodName=null; destroyMethodName=null; defined in file [D:\Vicsuper\kunji\learning\currency-exchange-service\target\classes\com\mohit\microservices\currencyexchangeservice\CurrencyExchangeServiceApplication.class]]
</error>
    <system-out><![CDATA[12:43:34.209 [main] DEBUG org.springframework.test.context.BootstrapUtils - Instantiating CacheAwareContextLoaderDelegate from class [org.springframework.test.context.cache.DefaultCacheAwareContextLoaderDelegate]
12:43:34.227 [main] DEBUG org.springframework.test.context.BootstrapUtils - Instantiating BootstrapContext using constructor [public org.springframework.test.context.support.DefaultBootstrapContext(java.lang.Class,org.springframework.test.context.CacheAwareContextLoaderDelegate)]
12:43:34.274 [main] DEBUG org.springframework.test.context.BootstrapUtils - Instantiating TestContextBootstrapper for test class [com.mohit.microservices.currencyexchangeservice.CurrencyExchangeServiceApplicationTests] from class [org.springframework.boot.test.context.SpringBootTestContextBootstrapper]
12:43:34.292 [main] INFO org.springframework.boot.test.context.SpringBootTestContextBootstrapper - Neither @ContextConfiguration nor @ContextHierarchy found for test class [com.mohit.microservices.currencyexchangeservice.CurrencyExchangeServiceApplicationTests], using SpringBootContextLoader
12:43:34.297 [main] DEBUG org.springframework.test.context.support.AbstractContextLoader - Did not detect default resource location for test class [com.mohit.microservices.currencyexchangeservice.CurrencyExchangeServiceApplicationTests]: class path resource [com/mohit/microservices/currencyexchangeservice/CurrencyExchangeServiceApplicationTests-context.xml] does not exist
12:43:34.297 [main] DEBUG org.springframework.test.context.support.AbstractContextLoader - Did not detect default resource location for test class [com.mohit.microservices.currencyexchangeservice.CurrencyExchangeServiceApplicationTests]: class path resource [com/mohit/microservices/currencyexchangeservice/CurrencyExchangeServiceApplicationTestsContext.groovy] does not exist
12:43:34.298 [main] INFO org.springframework.test.context.support.AbstractContextLoader - Could not detect default resource locations for test class [com.mohit.microservices.currencyexchangeservice.CurrencyExchangeServiceApplicationTests]: no resource found for suffixes {-context.xml, Context.groovy}.
12:43:34.298 [main] INFO org.springframework.test.context.support.AnnotationConfigContextLoaderUtils - Could not detect default configuration classes for test class [com.mohit.microservices.currencyexchangeservice.CurrencyExchangeServiceApplicationTests]: CurrencyExchangeServiceApplicationTests does not declare any static, non-private, non-final, nested classes annotated with @Configuration.
12:43:34.362 [main] DEBUG org.springframework.test.context.support.ActiveProfilesUtils - Could not find an 'annotation declaring class' for annotation type [org.springframework.test.context.ActiveProfiles] and class [com.mohit.microservices.currencyexchangeservice.CurrencyExchangeServiceApplicationTests]
12:43:34.477 [main] DEBUG org.springframework.context.annotation.ClassPathScanningCandidateComponentProvider - Identified candidate component class: file [D:\Vicsuper\kunji\learning\currency-exchange-service\target\classes\com\mohit\microservices\currencyexchangeservice\CurrencyExchangeController.class]
12:43:34.479 [main] DEBUG org.springframework.context.annotation.ClassPathScanningCandidateComponentProvider - Identified candidate component class: file [D:\Vicsuper\kunji\learning\currency-exchange-service\target\classes\com\mohit\microservices\currencyexchangeservice\CurrencyExchangeServiceApplication.class]
]]></system-out>
  </testcase>
</testsuite>